<?xml version="1.0" encoding="UTF-8"?>
<!-- Generated by org.testng.reporters.JUnitReportReporter -->
<testsuite hostname="Y6FY0CN7TN-nagarajans" failures="0" tests="3" name="com.test.disabilityCalculatorTest" time="30.289" errors="0" timestamp="2024-06-13T23:13:49 IST" skipped="0">
  <testcase classname="com.test.disabilityCalculatorTest" name="navigateToDisabilityCalculator" time="29.703"/>
  <testcase classname="com.test.disabilityCalculatorTest" name="validateMonthlyMbe" time="0.130"/>
  <testcase classname="com.test.disabilityCalculatorTest" name="validateSickBankTpf" time="0.456"/>
</testsuite> <!-- com.test.disabilityCalculatorTest -->
