<?xml version="1.0" encoding="UTF-8"?>
<!-- Generated by org.testng.reporters.JUnitReportReporter -->
<testsuite hostname="Y6FY0CN7TN-nagarajans" failures="0" tests="3" name="com.test.pilotPollingFormTest" time="35.258" errors="0" timestamp="2024-06-13T23:13:49 IST" skipped="0">
  <testcase classname="com.test.pilotPollingFormTest" name="loginToSwapaApp" time="8.165"/>
  <testcase classname="com.test.pilotPollingFormTest" name="navigateToPilotPoling" time="25.645"/>
  <testcase classname="com.test.pilotPollingFormTest" name="fillPilotPollingForm" time="1.448"/>
</testsuite> <!-- com.test.pilotPollingFormTest -->
